<?xml version="1.0" encoding="UTF-8"?>
<testsuite xmlns:xsi="http://www.w3.org/2001/XMLSchema-instance" xsi:noNamespaceSchemaLocation="https://maven.apache.org/surefire/maven-surefire-plugin/xsd/surefire-test-report-3.0.xsd" version="3.0" name="com.sap.cloud.s4hana.examples.addressmgr.commands.GetAllBusinessPartnersCommandTest" time="3.146" tests="2" errors="0" skipped="0" failures="0">
  <properties>
    <property name="awt.toolkit" value="sun.lwawt.macosx.LWCToolkit"/>
    <property name="java.specification.version" value="12"/>
    <property name="sun.jnu.encoding" value="UTF-8"/>
    <property name="java.class.path" value="/Users/i519840/Code/jx_related_repos/cloud-s4-sdk-book/unit-tests/target/test-classes:/Users/i519840/Code/jx_related_repos/cloud-s4-sdk-book/unit-tests/target/classes:/Users/i519840/Code/jx_related_repos/cloud-s4-sdk-book/application/target/address-manager-application.jar.original:/Users/i519840/.m2/repository/com/sap/hcp/cf/logging/cf-java-logging-support-logback/2.2.2/cf-java-logging-support-logback-2.2.2.jar:/Users/i519840/.m2/repository/com/sap/hcp/cf/logging/cf-java-logging-support-core/2.2.2/cf-java-logging-support-core-2.2.2.jar:/Users/i519840/.m2/repository/com/fasterxml/jackson/jr/jackson-jr-objects/2.9.9/jackson-jr-objects-2.9.9.jar:/Users/i519840/.m2/repository/javax/ws/rs/javax.ws.rs-api/2.0/javax.ws.rs-api-2.0.jar:/Users/i519840/.m2/repository/org/springframework/boot/spring-boot-starter/2.1.1.RELEASE/spring-boot-starter-2.1.1.RELEASE.jar:/Users/i519840/.m2/repository/org/springframework/boot/spring-boot-starter-logging/2.1.1.RELEASE/spring-boot-starter-logging-2.1.1.RELEASE.jar:/Users/i519840/.m2/repository/org/apache/logging/log4j/log4j-to-slf4j/2.11.1/log4j-to-slf4j-2.11.1.jar:/Users/i519840/.m2/repository/org/apache/logging/log4j/log4j-api/2.11.1/log4j-api-2.11.1.jar:/Users/i519840/.m2/repository/org/slf4j/jul-to-slf4j/1.7.25/jul-to-slf4j-1.7.25.jar:/Users/i519840/.m2/repository/javax/annotation/javax.annotation-api/1.3.2/javax.annotation-api-1.3.2.jar:/Users/i519840/.m2/repository/org/yaml/snakeyaml/1.23/snakeyaml-1.23.jar:/Users/i519840/.m2/repository/org/springframework/boot/spring-boot-starter-tomcat/2.1.1.RELEASE/spring-boot-starter-tomcat-2.1.1.RELEASE.jar:/Users/i519840/.m2/repository/org/apache/tomcat/embed/tomcat-embed-core/9.0.13/tomcat-embed-core-9.0.13.jar:/Users/i519840/.m2/repository/org/apache/tomcat/embed/tomcat-embed-el/9.0.13/tomcat-embed-el-9.0.13.jar:/Users/i519840/.m2/repository/org/apache/tomcat/embed/tomcat-embed-websocket/9.0.13/tomcat-embed-websocket-9.0.13.jar:/Users/i519840/.m2/repository/org/springframework/boot/spring-boot-actuator/2.1.1.RELEASE/spring-boot-actuator-2.1.1.RELEASE.jar:/Users/i519840/.m2/repository/org/springframework/boot/spring-boot-starter-jdbc/2.1.1.RELEASE/spring-boot-starter-jdbc-2.1.1.RELEASE.jar:/Users/i519840/.m2/repository/com/zaxxer/HikariCP/3.2.0/HikariCP-3.2.0.jar:/Users/i519840/.m2/repository/org/springframework/spring-jdbc/5.1.2.RELEASE/spring-jdbc-5.1.2.RELEASE.jar:/Users/i519840/.m2/repository/org/springframework/spring-tx/5.1.2.RELEASE/spring-tx-5.1.2.RELEASE.jar:/Users/i519840/.m2/repository/org/springframework/boot/spring-boot-starter-data-jpa/2.1.1.RELEASE/spring-boot-starter-data-jpa-2.1.1.RELEASE.jar:/Users/i519840/.m2/repository/org/springframework/boot/spring-boot-starter-aop/2.1.1.RELEASE/spring-boot-starter-aop-2.1.1.RELEASE.jar:/Users/i519840/.m2/repository/org/aspectj/aspectjweaver/1.9.2/aspectjweaver-1.9.2.jar:/Users/i519840/.m2/repository/javax/transaction/javax.transaction-api/1.3/javax.transaction-api-1.3.jar:/Users/i519840/.m2/repository/javax/xml/bind/jaxb-api/2.3.1/jaxb-api-2.3.1.jar:/Users/i519840/.m2/repository/javax/activation/javax.activation-api/1.2.0/javax.activation-api-1.2.0.jar:/Users/i519840/.m2/repository/org/hibernate/hibernate-core/5.3.7.Final/hibernate-core-5.3.7.Final.jar:/Users/i519840/.m2/repository/org/jboss/logging/jboss-logging/3.3.2.Final/jboss-logging-3.3.2.Final.jar:/Users/i519840/.m2/repository/javax/persistence/javax.persistence-api/2.2/javax.persistence-api-2.2.jar:/Users/i519840/.m2/repository/org/javassist/javassist/3.23.1-GA/javassist-3.23.1-GA.jar:/Users/i519840/.m2/repository/antlr/antlr/2.7.7/antlr-2.7.7.jar:/Users/i519840/.m2/repository/org/jboss/jandex/2.0.5.Final/jandex-2.0.5.Final.jar:/Users/i519840/.m2/repository/com/fasterxml/classmate/1.4.0/classmate-1.4.0.jar:/Users/i519840/.m2/repository/org/dom4j/dom4j/2.1.1/dom4j-2.1.1.jar:/Users/i519840/.m2/repository/org/hibernate/common/hibernate-commons-annotations/5.0.4.Final/hibernate-commons-annotations-5.0.4.Final.jar:/Users/i519840/.m2/repository/org/springframework/data/spring-data-jpa/2.1.3.RELEASE/spring-data-jpa-2.1.3.RELEASE.jar:/Users/i519840/.m2/repository/org/springframework/data/spring-data-commons/2.1.3.RELEASE/spring-data-commons-2.1.3.RELEASE.jar:/Users/i519840/.m2/repository/org/springframework/spring-orm/5.1.2.RELEASE/spring-orm-5.1.2.RELEASE.jar:/Users/i519840/.m2/repository/org/springframework/spring-aspects/5.1.2.RELEASE/spring-aspects-5.1.2.RELEASE.jar:/Users/i519840/.m2/repository/org/springframework/cloud/spring-cloud-spring-service-connector/2.0.4.RELEASE/spring-cloud-spring-service-connector-2.0.4.RELEASE.jar:/Users/i519840/.m2/repository/org/springframework/cloud/spring-cloud-connectors-core/2.0.4.RELEASE/spring-cloud-connectors-core-2.0.4.RELEASE.jar:/Users/i519840/.m2/repository/org/springframework/spring-context/5.1.2.RELEASE/spring-context-5.1.2.RELEASE.jar:/Users/i519840/.m2/repository/org/springframework/cloud/spring-cloud-cloudfoundry-connector/2.0.4.RELEASE/spring-cloud-cloudfoundry-connector-2.0.4.RELEASE.jar:/Users/i519840/.m2/repository/org/springframework/boot/spring-boot-starter-jersey/2.1.1.RELEASE/spring-boot-starter-jersey-2.1.1.RELEASE.jar:/Users/i519840/.m2/repository/org/springframework/boot/spring-boot-starter-json/2.1.1.RELEASE/spring-boot-starter-json-2.1.1.RELEASE.jar:/Users/i519840/.m2/repository/com/fasterxml/jackson/datatype/jackson-datatype-jdk8/2.9.9/jackson-datatype-jdk8-2.9.9.jar:/Users/i519840/.m2/repository/com/fasterxml/jackson/datatype/jackson-datatype-jsr310/2.9.9/jackson-datatype-jsr310-2.9.9.jar:/Users/i519840/.m2/repository/com/fasterxml/jackson/module/jackson-module-parameter-names/2.9.9/jackson-module-parameter-names-2.9.9.jar:/Users/i519840/.m2/repository/org/springframework/boot/spring-boot-starter-validation/2.1.1.RELEASE/spring-boot-starter-validation-2.1.1.RELEASE.jar:/Users/i519840/.m2/repository/org/hibernate/validator/hibernate-validator/6.0.13.Final/hibernate-validator-6.0.13.Final.jar:/Users/i519840/.m2/repository/org/springframework/spring-web/5.1.2.RELEASE/spring-web-5.1.2.RELEASE.jar:/Users/i519840/.m2/repository/org/glassfish/jersey/core/jersey-server/2.27/jersey-server-2.27.jar:/Users/i519840/.m2/repository/org/glassfish/jersey/core/jersey-common/2.27/jersey-common-2.27.jar:/Users/i519840/.m2/repository/org/glassfish/hk2/osgi-resource-locator/1.0.1/osgi-resource-locator-1.0.1.jar:/Users/i519840/.m2/repository/org/glassfish/jersey/core/jersey-client/2.27/jersey-client-2.27.jar:/Users/i519840/.m2/repository/org/glassfish/jersey/media/jersey-media-jaxb/2.27/jersey-media-jaxb-2.27.jar:/Users/i519840/.m2/repository/javax/validation/validation-api/2.0.1.Final/validation-api-2.0.1.Final.jar:/Users/i519840/.m2/repository/org/glassfish/jersey/containers/jersey-container-servlet-core/2.27/jersey-container-servlet-core-2.27.jar:/Users/i519840/.m2/repository/org/glassfish/jersey/containers/jersey-container-servlet/2.27/jersey-container-servlet-2.27.jar:/Users/i519840/.m2/repository/org/glassfish/jersey/ext/jersey-bean-validation/2.27/jersey-bean-validation-2.27.jar:/Users/i519840/.m2/repository/org/glassfish/jersey/ext/jersey-spring4/2.27/jersey-spring4-2.27.jar:/Users/i519840/.m2/repository/org/glassfish/jersey/inject/jersey-hk2/2.27/jersey-hk2-2.27.jar:/Users/i519840/.m2/repository/org/glassfish/hk2/hk2-locator/2.5.0-b42/hk2-locator-2.5.0-b42.jar:/Users/i519840/.m2/repository/org/glassfish/hk2/external/aopalliance-repackaged/2.5.0-b42/aopalliance-repackaged-2.5.0-b42.jar:/Users/i519840/.m2/repository/org/glassfish/hk2/hk2/2.5.0-b42/hk2-2.5.0-b42.jar:/Users/i519840/.m2/repository/org/glassfish/hk2/hk2-utils/2.5.0-b42/hk2-utils-2.5.0-b42.jar:/Users/i519840/.m2/repository/org/glassfish/hk2/hk2-api/2.5.0-b42/hk2-api-2.5.0-b42.jar:/Users/i519840/.m2/repository/org/glassfish/hk2/config-types/2.5.0-b42/config-types-2.5.0-b42.jar:/Users/i519840/.m2/repository/org/glassfish/hk2/hk2-core/2.5.0-b42/hk2-core-2.5.0-b42.jar:/Users/i519840/.m2/repository/org/glassfish/hk2/hk2-config/2.5.0-b42/hk2-config-2.5.0-b42.jar:/Users/i519840/.m2/repository/org/glassfish/hk2/hk2-runlevel/2.5.0-b42/hk2-runlevel-2.5.0-b42.jar:/Users/i519840/.m2/repository/org/glassfish/hk2/class-model/2.5.0-b42/class-model-2.5.0-b42.jar:/Users/i519840/.m2/repository/org/glassfish/hk2/external/asm-all-repackaged/2.5.0-b42/asm-all-repackaged-2.5.0-b42.jar:/Users/i519840/.m2/repository/org/glassfish/hk2/spring-bridge/2.5.0-b42/spring-bridge-2.5.0-b42.jar:/Users/i519840/.m2/repository/org/glassfish/jersey/media/jersey-media-json-jackson/2.27/jersey-media-json-jackson-2.27.jar:/Users/i519840/.m2/repository/org/glassfish/jersey/ext/jersey-entity-filtering/2.27/jersey-entity-filtering-2.27.jar:/Users/i519840/.m2/repository/com/fasterxml/jackson/module/jackson-module-jaxb-annotations/2.9.9/jackson-module-jaxb-annotations-2.9.9.jar:/Users/i519840/.m2/repository/org/springframework/spring-webmvc/5.1.2.RELEASE/spring-webmvc-5.1.2.RELEASE.jar:/Users/i519840/.m2/repository/org/springframework/spring-aop/5.1.2.RELEASE/spring-aop-5.1.2.RELEASE.jar:/Users/i519840/.m2/repository/org/springframework/spring-beans/5.1.2.RELEASE/spring-beans-5.1.2.RELEASE.jar:/Users/i519840/.m2/repository/org/springframework/spring-expression/5.1.2.RELEASE/spring-expression-5.1.2.RELEASE.jar:/Users/i519840/.m2/repository/javax/inject/javax.inject/1/javax.inject-1.jar:/Users/i519840/.m2/repository/postgresql/postgresql/9.4.1208-jdbc42-atlassian-hosted/postgresql-9.4.1208-jdbc42-atlassian-hosted.jar:/Users/i519840/.m2/repository/com/h2database/h2/1.4.197/h2-1.4.197.jar:/Users/i519840/.m2/repository/org/liquibase/liquibase-core/3.6.2/liquibase-core-3.6.2.jar:/Users/i519840/.m2/repository/com/sap/cloud/s4hana/cloudplatform/scp-cf/2.19.0/scp-cf-2.19.0.jar:/Users/i519840/.m2/repository/com/sap/cloud/s4hana/cloudplatform/auditlog-scp-cf/2.19.0/auditlog-scp-cf-2.19.0.jar:/Users/i519840/.m2/repository/com/sap/cloud/s4hana/cloudplatform/caching/2.19.0/caching-2.19.0.jar:/Users/i519840/.m2/repository/com/sap/cloud/s4hana/cloudplatform/core-scp-cf/2.19.0/core-scp-cf-2.19.0.jar:/Users/i519840/.m2/repository/com/google/code/gson/gson/2.8.5/gson-2.8.5.jar:/Users/i519840/.m2/repository/com/auth0/java-jwt/3.4.0/java-jwt-3.4.0.jar:/Users/i519840/.m2/repository/commons-codec/commons-codec/1.11/commons-codec-1.11.jar:/Users/i519840/.m2/repository/com/sap/cloud/s4hana/cloudplatform/connectivity-scp-cf/2.19.0/connectivity-scp-cf-2.19.0.jar:/Users/i519840/.m2/repository/com/sap/cloud/s4hana/frameworks/hystrix/2.19.0/hystrix-2.19.0.jar:/Users/i519840/.m2/repository/commons-configuration/commons-configuration/1.10/commons-configuration-1.10.jar:/Users/i519840/.m2/repository/commons-lang/commons-lang/2.6/commons-lang-2.6.jar:/Users/i519840/.m2/repository/commons-io/commons-io/2.6/commons-io-2.6.jar:/Users/i519840/.m2/repository/org/apache/httpcomponents/httpclient/4.5.6/httpclient-4.5.6.jar:/Users/i519840/.m2/repository/com/sap/cloud/s4hana/cloudplatform/security-scp-cf/2.19.0/security-scp-cf-2.19.0.jar:/Users/i519840/.m2/repository/com/sap/cloud/s4hana/cloudplatform/servlet/2.19.0/servlet-2.19.0.jar:/Users/i519840/.m2/repository/com/sap/cloud/s4hana/cloudplatform/tenant-scp-cf/2.19.0/tenant-scp-cf-2.19.0.jar:/Users/i519840/.m2/repository/com/sap/cloud/s4hana/cloudplatform/metering/2.19.0/metering-2.19.0.jar:/Users/i519840/.m2/repository/com/sap/cloud/s4hana/s4hana-all/2.19.0/s4hana-all-2.19.0.jar:/Users/i519840/.m2/repository/com/sap/cloud/s4hana/core/2.19.0/core-2.19.0.jar:/Users/i519840/.m2/repository/com/sap/cloud/s4hana/fluent-result/2.19.0/fluent-result-2.19.0.jar:/Users/i519840/.m2/repository/com/sap/cloud/s4hana/connectivity/2.19.0/connectivity-2.19.0.jar:/Users/i519840/.m2/repository/com/sap/cloud/s4hana/datamodel/2.19.0/datamodel-2.19.0.jar:/Users/i519840/.m2/repository/com/sap/cloud/s4hana/datamodel/bapi-api/2.19.0/bapi-api-2.19.0.jar:/Users/i519840/.m2/repository/com/sap/cloud/s4hana/datamodel/odata-core/2.19.0/odata-core-2.19.0.jar:/Users/i519840/.m2/repository/org/jsoup/jsoup/1.11.3/jsoup-1.11.3.jar:/Users/i519840/.m2/repository/org/apache/commons/commons-text/1.4/commons-text-1.4.jar:/Users/i519840/.m2/repository/com/sap/cloud/s4hana/datamodel/odata-api/2.19.0/odata-api-2.19.0.jar:/Users/i519840/.m2/repository/com/sap/cloud/s4hana/soap/2.19.0/soap-2.19.0.jar:/Users/i519840/.m2/repository/org/apache/axis2/axis2-adb/1.7.9/axis2-adb-1.7.9.jar:/Users/i519840/.m2/repository/org/apache/ws/commons/axiom/axiom-dom/1.2.21/axiom-dom-1.2.21.jar:/Users/i519840/.m2/repository/org/codehaus/woodstox/woodstox-core-asl/4.2.0/woodstox-core-asl-4.2.0.jar:/Users/i519840/.m2/repository/org/codehaus/woodstox/stax2-api/3.1.1/stax2-api-3.1.1.jar:/Users/i519840/.m2/repository/org/apache/axis2/axis2-transport-http/1.7.9/axis2-transport-http-1.7.9.jar:/Users/i519840/.m2/repository/org/apache/axis2/axis2-kernel/1.7.9/axis2-kernel-1.7.9.jar:/Users/i519840/.m2/repository/org/apache/ws/commons/axiom/axiom-api/1.2.21/axiom-api-1.2.21.jar:/Users/i519840/.m2/repository/org/apache/geronimo/specs/geronimo-activation_1.1_spec/1.1/geronimo-activation_1.1_spec-1.1.jar:/Users/i519840/.m2/repository/jaxen/jaxen/1.1.6/jaxen-1.1.6.jar:/Users/i519840/.m2/repository/org/apache/geronimo/specs/geronimo-stax-api_1.0_spec/1.0.1/geronimo-stax-api_1.0_spec-1.0.1.jar:/Users/i519840/.m2/repository/org/apache/james/apache-mime4j-core/0.7.2/apache-mime4j-core-0.7.2.jar:/Users/i519840/.m2/repository/org/apache/ws/commons/axiom/axiom-impl/1.2.21/axiom-impl-1.2.21.jar:/Users/i519840/.m2/repository/org/apache/geronimo/specs/geronimo-ws-metadata_2.0_spec/1.1.2/geronimo-ws-metadata_2.0_spec-1.1.2.jar:/Users/i519840/.m2/repository/org/apache/geronimo/specs/geronimo-jta_1.1_spec/1.1/geronimo-jta_1.1_spec-1.1.jar:/Users/i519840/.m2/repository/commons-fileupload/commons-fileupload/1.3.3/commons-fileupload-1.3.3.jar:/Users/i519840/.m2/repository/wsdl4j/wsdl4j/1.6.3/wsdl4j-1.6.3.jar:/Users/i519840/.m2/repository/org/apache/ws/xmlschema/xmlschema-core/2.2.1/xmlschema-core-2.2.1.jar:/Users/i519840/.m2/repository/org/apache/neethi/neethi/3.0.3/neethi-3.0.3.jar:/Users/i519840/.m2/repository/org/apache/woden/woden-core/1.0M10/woden-core-1.0M10.jar:/Users/i519840/.m2/repository/org/apache/axis2/axis2-transport-local/1.7.9/axis2-transport-local-1.7.9.jar:/Users/i519840/.m2/repository/com/sap/cloud/s4hana/rfc/2.19.0/rfc-2.19.0.jar:/Users/i519840/.m2/repository/com/sap/cloud/s4hana/quality/common/2.19.0/common-2.19.0.jar:/Users/i519840/.m2/repository/org/json/json/20180813/json-20180813.jar:/Users/i519840/.m2/repository/com/sap/cloud/servicesdk/odatav2-connectivity/1.31.1/odatav2-connectivity-1.31.1.jar:/Users/i519840/.m2/repository/org/apache/commons/commons-lang3/3.8.1/commons-lang3-3.8.1.jar:/Users/i519840/.m2/repository/com/sap/cloud/servicesdk/odata-v2-lib/1.31.1/odata-v2-lib-1.31.1.jar:/Users/i519840/.m2/repository/com/sap/cloud/servicesdk/developer_license/1.31.1/developer_license-1.31.1.jar:/Users/i519840/.m2/repository/com/sap/cloud/servicesdk/jacksonutil/1.31.1/jacksonutil-1.31.1.jar:/Users/i519840/.m2/repository/joda-time/joda-time/2.10.1/joda-time-2.10.1.jar:/Users/i519840/.m2/repository/com/sap/cloud/servicesdk/prov/api/1.31.1/api-1.31.1.jar:/Users/i519840/.m2/repository/commons-beanutils/commons-beanutils/1.9.3/commons-beanutils-1.9.3.jar:/Users/i519840/.m2/repository/commons-collections/commons-collections/3.2.2/commons-collections-3.2.2.jar:/Users/i519840/.m2/repository/com/sap/cloud/s4hana/testutil/2.19.0/testutil-2.19.0.jar:/Users/i519840/.m2/repository/com/sap/cloud/s4hana/cloudplatform/auditlog/2.19.0/auditlog-2.19.0.jar:/Users/i519840/.m2/repository/com/fasterxml/jackson/core/jackson-core/2.9.9/jackson-core-2.9.9.jar:/Users/i519840/.m2/repository/com/sap/cloud/s4hana/cloudplatform/core/2.19.0/core-2.19.0.jar:/Users/i519840/.m2/repository/com/sap/cloud/s4hana/cloudplatform/connectivity/2.19.0/connectivity-2.19.0.jar:/Users/i519840/.m2/repository/com/sap/cloud/s4hana/cloudplatform/security/2.19.0/security-2.19.0.jar:/Users/i519840/.m2/repository/com/sap/cloud/s4hana/cloudplatform/tenant/2.19.0/tenant-2.19.0.jar:/Users/i519840/.m2/repository/com/sap/cloud/s4hana/testutil-resources/2.19.0/testutil-resources-2.19.0.jar:/Users/i519840/.m2/repository/com/google/code/findbugs/jsr305/3.0.2/jsr305-3.0.2.jar:/Users/i519840/.m2/repository/com/google/guava/guava/27.0.1-jre/guava-27.0.1-jre.jar:/Users/i519840/.m2/repository/com/google/guava/failureaccess/1.0.1/failureaccess-1.0.1.jar:/Users/i519840/.m2/repository/com/google/guava/listenablefuture/9999.0-empty-to-avoid-conflict-with-guava/listenablefuture-9999.0-empty-to-avoid-conflict-with-guava.jar:/Users/i519840/.m2/repository/org/checkerframework/checker-qual/2.5.2/checker-qual-2.5.2.jar:/Users/i519840/.m2/repository/com/google/errorprone/error_prone_annotations/2.2.0/error_prone_annotations-2.2.0.jar:/Users/i519840/.m2/repository/com/google/j2objc/j2objc-annotations/1.1/j2objc-annotations-1.1.jar:/Users/i519840/.m2/repository/org/codehaus/mojo/animal-sniffer-annotations/1.17/animal-sniffer-annotations-1.17.jar:/Users/i519840/.m2/repository/com/fasterxml/jackson/core/jackson-annotations/2.9.0/jackson-annotations-2.9.0.jar:/Users/i519840/.m2/repository/com/fasterxml/jackson/core/jackson-databind/2.9.9/jackson-databind-2.9.9.jar:/Users/i519840/.m2/repository/com/fasterxml/jackson/dataformat/jackson-dataformat-yaml/2.9.9/jackson-dataformat-yaml-2.9.9.jar:/Users/i519840/.m2/repository/com/mikesamuel/json-sanitizer/1.2.0/json-sanitizer-1.2.0.jar:/Users/i519840/.m2/repository/com/netflix/hystrix/hystrix-core/1.5.18/hystrix-core-1.5.18.jar:/Users/i519840/.m2/repository/com/netflix/archaius/archaius-core/0.7.6/archaius-core-0.7.6.jar:/Users/i519840/.m2/repository/io/reactivex/rxjava/1.3.8/rxjava-1.3.8.jar:/Users/i519840/.m2/repository/org/hdrhistogram/HdrHistogram/2.1.9/HdrHistogram-2.1.9.jar:/Users/i519840/.m2/repository/io/vavr/vavr/0.9.2/vavr-0.9.2.jar:/Users/i519840/.m2/repository/io/vavr/vavr-match/0.9.2/vavr-match-0.9.2.jar:/Users/i519840/.m2/repository/org/assertj/assertj-core/3.12.0/assertj-core-3.12.0.jar:/Users/i519840/.m2/repository/org/mockito/mockito-core/2.22.0/mockito-core-2.22.0.jar:/Users/i519840/.m2/repository/net/bytebuddy/byte-buddy/1.9.5/byte-buddy-1.9.5.jar:/Users/i519840/.m2/repository/net/bytebuddy/byte-buddy-agent/1.9.5/byte-buddy-agent-1.9.5.jar:/Users/i519840/.m2/repository/org/objenesis/objenesis/2.6/objenesis-2.6.jar:/Users/i519840/.m2/repository/com/github/tomakehurst/wiremock/2.19.0/wiremock-2.19.0.jar:/Users/i519840/.m2/repository/org/eclipse/jetty/jetty-server/9.4.17.v20190418/jetty-server-9.4.17.v20190418.jar:/Users/i519840/.m2/repository/javax/servlet/javax.servlet-api/3.1.0/javax.servlet-api-3.1.0.jar:/Users/i519840/.m2/repository/org/eclipse/jetty/jetty-http/9.4.17.v20190418/jetty-http-9.4.17.v20190418.jar:/Users/i519840/.m2/repository/org/eclipse/jetty/jetty-io/9.4.17.v20190418/jetty-io-9.4.17.v20190418.jar:/Users/i519840/.m2/repository/org/eclipse/jetty/jetty-servlet/9.4.17.v20190418/jetty-servlet-9.4.17.v20190418.jar:/Users/i519840/.m2/repository/org/eclipse/jetty/jetty-security/9.4.17.v20190418/jetty-security-9.4.17.v20190418.jar:/Users/i519840/.m2/repository/org/eclipse/jetty/jetty-servlets/9.4.17.v20190418/jetty-servlets-9.4.17.v20190418.jar:/Users/i519840/.m2/repository/org/eclipse/jetty/jetty-continuation/9.4.17.v20190418/jetty-continuation-9.4.17.v20190418.jar:/Users/i519840/.m2/repository/org/eclipse/jetty/jetty-util/9.4.17.v20190418/jetty-util-9.4.17.v20190418.jar:/Users/i519840/.m2/repository/org/eclipse/jetty/jetty-webapp/9.4.17.v20190418/jetty-webapp-9.4.17.v20190418.jar:/Users/i519840/.m2/repository/org/eclipse/jetty/jetty-xml/9.4.17.v20190418/jetty-xml-9.4.17.v20190418.jar:/Users/i519840/.m2/repository/org/xmlunit/xmlunit-core/2.6.2/xmlunit-core-2.6.2.jar:/Users/i519840/.m2/repository/org/xmlunit/xmlunit-legacy/2.6.2/xmlunit-legacy-2.6.2.jar:/Users/i519840/.m2/repository/com/jayway/jsonpath/json-path/2.4.0/json-path-2.4.0.jar:/Users/i519840/.m2/repository/net/minidev/json-smart/2.3/json-smart-2.3.jar:/Users/i519840/.m2/repository/net/minidev/accessors-smart/1.2/accessors-smart-1.2.jar:/Users/i519840/.m2/repository/org/ow2/asm/asm/5.0.4/asm-5.0.4.jar:/Users/i519840/.m2/repository/net/sf/jopt-simple/jopt-simple/5.0.3/jopt-simple-5.0.3.jar:/Users/i519840/.m2/repository/com/flipkart/zjsonpatch/zjsonpatch/0.4.4/zjsonpatch-0.4.4.jar:/Users/i519840/.m2/repository/com/github/jknack/handlebars/4.0.7/handlebars-4.0.7.jar:/Users/i519840/.m2/repository/org/antlr/antlr4-runtime/4.7.1/antlr4-runtime-4.7.1.jar:/Users/i519840/.m2/repository/com/github/jknack/handlebars-helpers/4.0.7/handlebars-helpers-4.0.7.jar:/Users/i519840/.m2/repository/org/apache/httpcomponents/httpcore/4.4.10/httpcore-4.4.10.jar:/Users/i519840/.m2/repository/com/sap/cloud/s4hana/quality/listeners-all/2.19.0/listeners-all-2.19.0.jar:/Users/i519840/.m2/repository/com/sap/cloud/s4hana/quality/odata-querylistener/2.19.0/odata-querylistener-2.19.0.jar:/Users/i519840/.m2/repository/com/sap/cloud/s4hana/quality/rfc-querylistener/2.19.0/rfc-querylistener-2.19.0.jar:/Users/i519840/.m2/repository/com/sap/cloud/s4hana/quality/httpclient-listener/2.19.0/httpclient-listener-2.19.0.jar:/Users/i519840/.m2/repository/org/slf4j/slf4j-api/1.7.25/slf4j-api-1.7.25.jar:/Users/i519840/.m2/repository/org/slf4j/jcl-over-slf4j/1.7.25/jcl-over-slf4j-1.7.25.jar:/Users/i519840/.m2/repository/org/slf4j/slf4j-simple/1.7.25/slf4j-simple-1.7.25.jar:/Users/i519840/.m2/repository/junit/junit/4.12/junit-4.12.jar:/Users/i519840/.m2/repository/org/hamcrest/hamcrest-core/1.3/hamcrest-core-1.3.jar:/Users/i519840/.m2/repository/org/springframework/spring-test/5.1.2.RELEASE/spring-test-5.1.2.RELEASE.jar:/Users/i519840/.m2/repository/org/springframework/spring-core/5.1.2.RELEASE/spring-core-5.1.2.RELEASE.jar:/Users/i519840/.m2/repository/org/springframework/spring-jcl/5.1.2.RELEASE/spring-jcl-5.1.2.RELEASE.jar:/Users/i519840/.m2/repository/org/springframework/boot/spring-boot-test/2.1.1.RELEASE/spring-boot-test-2.1.1.RELEASE.jar:/Users/i519840/.m2/repository/org/springframework/boot/spring-boot/2.1.1.RELEASE/spring-boot-2.1.1.RELEASE.jar:/Users/i519840/.m2/repository/org/springframework/boot/spring-boot-test-autoconfigure/2.1.1.RELEASE/spring-boot-test-autoconfigure-2.1.1.RELEASE.jar:/Users/i519840/.m2/repository/org/springframework/boot/spring-boot-autoconfigure/2.1.1.RELEASE/spring-boot-autoconfigure-2.1.1.RELEASE.jar:"/>
    <property name="java.vm.vendor" value="SAP SE"/>
    <property name="sun.arch.data.model" value="64"/>
    <property name="java.vendor.url" value="https://sapmachine.io/"/>
    <property name="os.name" value="Mac OS X"/>
    <property name="java.vm.specification.version" value="12"/>
    <property name="sun.java.launcher" value="SUN_STANDARD"/>
    <property name="user.country" value="DE"/>
    <property name="sun.boot.library.path" value="/Library/Java/JavaVirtualMachines/sapmachine-jdk-12.0.2.jdk/Contents/Home/lib"/>
    <property name="sun.java.command" value="/Users/i519840/Code/jx_related_repos/cloud-s4-sdk-book/unit-tests/target/surefire/surefirebooter1563711609727195700.jar /Users/i519840/Code/jx_related_repos/cloud-s4-sdk-book/unit-tests/target/surefire 2020-01-16T15-05-54_412-jvmRun1 surefire11662976916887630885tmp surefire_01478934804635143275tmp"/>
    <property name="http.nonProxyHosts" value="local|*.local|169.254/16|*.169.254/16"/>
    <property name="jdk.debug" value="release"/>
    <property name="surefire.test.class.path" value="/Users/i519840/Code/jx_related_repos/cloud-s4-sdk-book/unit-tests/target/test-classes:/Users/i519840/Code/jx_related_repos/cloud-s4-sdk-book/unit-tests/target/classes:/Users/i519840/Code/jx_related_repos/cloud-s4-sdk-book/application/target/address-manager-application.jar.original:/Users/i519840/.m2/repository/com/sap/hcp/cf/logging/cf-java-logging-support-logback/2.2.2/cf-java-logging-support-logback-2.2.2.jar:/Users/i519840/.m2/repository/com/sap/hcp/cf/logging/cf-java-logging-support-core/2.2.2/cf-java-logging-support-core-2.2.2.jar:/Users/i519840/.m2/repository/com/fasterxml/jackson/jr/jackson-jr-objects/2.9.9/jackson-jr-objects-2.9.9.jar:/Users/i519840/.m2/repository/javax/ws/rs/javax.ws.rs-api/2.0/javax.ws.rs-api-2.0.jar:/Users/i519840/.m2/repository/org/springframework/boot/spring-boot-starter/2.1.1.RELEASE/spring-boot-starter-2.1.1.RELEASE.jar:/Users/i519840/.m2/repository/org/springframework/boot/spring-boot-starter-logging/2.1.1.RELEASE/spring-boot-starter-logging-2.1.1.RELEASE.jar:/Users/i519840/.m2/repository/org/apache/logging/log4j/log4j-to-slf4j/2.11.1/log4j-to-slf4j-2.11.1.jar:/Users/i519840/.m2/repository/org/apache/logging/log4j/log4j-api/2.11.1/log4j-api-2.11.1.jar:/Users/i519840/.m2/repository/org/slf4j/jul-to-slf4j/1.7.25/jul-to-slf4j-1.7.25.jar:/Users/i519840/.m2/repository/javax/annotation/javax.annotation-api/1.3.2/javax.annotation-api-1.3.2.jar:/Users/i519840/.m2/repository/org/yaml/snakeyaml/1.23/snakeyaml-1.23.jar:/Users/i519840/.m2/repository/org/springframework/boot/spring-boot-starter-tomcat/2.1.1.RELEASE/spring-boot-starter-tomcat-2.1.1.RELEASE.jar:/Users/i519840/.m2/repository/org/apache/tomcat/embed/tomcat-embed-core/9.0.13/tomcat-embed-core-9.0.13.jar:/Users/i519840/.m2/repository/org/apache/tomcat/embed/tomcat-embed-el/9.0.13/tomcat-embed-el-9.0.13.jar:/Users/i519840/.m2/repository/org/apache/tomcat/embed/tomcat-embed-websocket/9.0.13/tomcat-embed-websocket-9.0.13.jar:/Users/i519840/.m2/repository/org/springframework/boot/spring-boot-actuator/2.1.1.RELEASE/spring-boot-actuator-2.1.1.RELEASE.jar:/Users/i519840/.m2/repository/org/springframework/boot/spring-boot-starter-jdbc/2.1.1.RELEASE/spring-boot-starter-jdbc-2.1.1.RELEASE.jar:/Users/i519840/.m2/repository/com/zaxxer/HikariCP/3.2.0/HikariCP-3.2.0.jar:/Users/i519840/.m2/repository/org/springframework/spring-jdbc/5.1.2.RELEASE/spring-jdbc-5.1.2.RELEASE.jar:/Users/i519840/.m2/repository/org/springframework/spring-tx/5.1.2.RELEASE/spring-tx-5.1.2.RELEASE.jar:/Users/i519840/.m2/repository/org/springframework/boot/spring-boot-starter-data-jpa/2.1.1.RELEASE/spring-boot-starter-data-jpa-2.1.1.RELEASE.jar:/Users/i519840/.m2/repository/org/springframework/boot/spring-boot-starter-aop/2.1.1.RELEASE/spring-boot-starter-aop-2.1.1.RELEASE.jar:/Users/i519840/.m2/repository/org/aspectj/aspectjweaver/1.9.2/aspectjweaver-1.9.2.jar:/Users/i519840/.m2/repository/javax/transaction/javax.transaction-api/1.3/javax.transaction-api-1.3.jar:/Users/i519840/.m2/repository/javax/xml/bind/jaxb-api/2.3.1/jaxb-api-2.3.1.jar:/Users/i519840/.m2/repository/javax/activation/javax.activation-api/1.2.0/javax.activation-api-1.2.0.jar:/Users/i519840/.m2/repository/org/hibernate/hibernate-core/5.3.7.Final/hibernate-core-5.3.7.Final.jar:/Users/i519840/.m2/repository/org/jboss/logging/jboss-logging/3.3.2.Final/jboss-logging-3.3.2.Final.jar:/Users/i519840/.m2/repository/javax/persistence/javax.persistence-api/2.2/javax.persistence-api-2.2.jar:/Users/i519840/.m2/repository/org/javassist/javassist/3.23.1-GA/javassist-3.23.1-GA.jar:/Users/i519840/.m2/repository/antlr/antlr/2.7.7/antlr-2.7.7.jar:/Users/i519840/.m2/repository/org/jboss/jandex/2.0.5.Final/jandex-2.0.5.Final.jar:/Users/i519840/.m2/repository/com/fasterxml/classmate/1.4.0/classmate-1.4.0.jar:/Users/i519840/.m2/repository/org/dom4j/dom4j/2.1.1/dom4j-2.1.1.jar:/Users/i519840/.m2/repository/org/hibernate/common/hibernate-commons-annotations/5.0.4.Final/hibernate-commons-annotations-5.0.4.Final.jar:/Users/i519840/.m2/repository/org/springframework/data/spring-data-jpa/2.1.3.RELEASE/spring-data-jpa-2.1.3.RELEASE.jar:/Users/i519840/.m2/repository/org/springframework/data/spring-data-commons/2.1.3.RELEASE/spring-data-commons-2.1.3.RELEASE.jar:/Users/i519840/.m2/repository/org/springframework/spring-orm/5.1.2.RELEASE/spring-orm-5.1.2.RELEASE.jar:/Users/i519840/.m2/repository/org/springframework/spring-aspects/5.1.2.RELEASE/spring-aspects-5.1.2.RELEASE.jar:/Users/i519840/.m2/repository/org/springframework/cloud/spring-cloud-spring-service-connector/2.0.4.RELEASE/spring-cloud-spring-service-connector-2.0.4.RELEASE.jar:/Users/i519840/.m2/repository/org/springframework/cloud/spring-cloud-connectors-core/2.0.4.RELEASE/spring-cloud-connectors-core-2.0.4.RELEASE.jar:/Users/i519840/.m2/repository/org/springframework/spring-context/5.1.2.RELEASE/spring-context-5.1.2.RELEASE.jar:/Users/i519840/.m2/repository/org/springframework/cloud/spring-cloud-cloudfoundry-connector/2.0.4.RELEASE/spring-cloud-cloudfoundry-connector-2.0.4.RELEASE.jar:/Users/i519840/.m2/repository/org/springframework/boot/spring-boot-starter-jersey/2.1.1.RELEASE/spring-boot-starter-jersey-2.1.1.RELEASE.jar:/Users/i519840/.m2/repository/org/springframework/boot/spring-boot-starter-json/2.1.1.RELEASE/spring-boot-starter-json-2.1.1.RELEASE.jar:/Users/i519840/.m2/repository/com/fasterxml/jackson/datatype/jackson-datatype-jdk8/2.9.9/jackson-datatype-jdk8-2.9.9.jar:/Users/i519840/.m2/repository/com/fasterxml/jackson/datatype/jackson-datatype-jsr310/2.9.9/jackson-datatype-jsr310-2.9.9.jar:/Users/i519840/.m2/repository/com/fasterxml/jackson/module/jackson-module-parameter-names/2.9.9/jackson-module-parameter-names-2.9.9.jar:/Users/i519840/.m2/repository/org/springframework/boot/spring-boot-starter-validation/2.1.1.RELEASE/spring-boot-starter-validation-2.1.1.RELEASE.jar:/Users/i519840/.m2/repository/org/hibernate/validator/hibernate-validator/6.0.13.Final/hibernate-validator-6.0.13.Final.jar:/Users/i519840/.m2/repository/org/springframework/spring-web/5.1.2.RELEASE/spring-web-5.1.2.RELEASE.jar:/Users/i519840/.m2/repository/org/glassfish/jersey/core/jersey-server/2.27/jersey-server-2.27.jar:/Users/i519840/.m2/repository/org/glassfish/jersey/core/jersey-common/2.27/jersey-common-2.27.jar:/Users/i519840/.m2/repository/org/glassfish/hk2/osgi-resource-locator/1.0.1/osgi-resource-locator-1.0.1.jar:/Users/i519840/.m2/repository/org/glassfish/jersey/core/jersey-client/2.27/jersey-client-2.27.jar:/Users/i519840/.m2/repository/org/glassfish/jersey/media/jersey-media-jaxb/2.27/jersey-media-jaxb-2.27.jar:/Users/i519840/.m2/repository/javax/validation/validation-api/2.0.1.Final/validation-api-2.0.1.Final.jar:/Users/i519840/.m2/repository/org/glassfish/jersey/containers/jersey-container-servlet-core/2.27/jersey-container-servlet-core-2.27.jar:/Users/i519840/.m2/repository/org/glassfish/jersey/containers/jersey-container-servlet/2.27/jersey-container-servlet-2.27.jar:/Users/i519840/.m2/repository/org/glassfish/jersey/ext/jersey-bean-validation/2.27/jersey-bean-validation-2.27.jar:/Users/i519840/.m2/repository/org/glassfish/jersey/ext/jersey-spring4/2.27/jersey-spring4-2.27.jar:/Users/i519840/.m2/repository/org/glassfish/jersey/inject/jersey-hk2/2.27/jersey-hk2-2.27.jar:/Users/i519840/.m2/repository/org/glassfish/hk2/hk2-locator/2.5.0-b42/hk2-locator-2.5.0-b42.jar:/Users/i519840/.m2/repository/org/glassfish/hk2/external/aopalliance-repackaged/2.5.0-b42/aopalliance-repackaged-2.5.0-b42.jar:/Users/i519840/.m2/repository/org/glassfish/hk2/hk2/2.5.0-b42/hk2-2.5.0-b42.jar:/Users/i519840/.m2/repository/org/glassfish/hk2/hk2-utils/2.5.0-b42/hk2-utils-2.5.0-b42.jar:/Users/i519840/.m2/repository/org/glassfish/hk2/hk2-api/2.5.0-b42/hk2-api-2.5.0-b42.jar:/Users/i519840/.m2/repository/org/glassfish/hk2/config-types/2.5.0-b42/config-types-2.5.0-b42.jar:/Users/i519840/.m2/repository/org/glassfish/hk2/hk2-core/2.5.0-b42/hk2-core-2.5.0-b42.jar:/Users/i519840/.m2/repository/org/glassfish/hk2/hk2-config/2.5.0-b42/hk2-config-2.5.0-b42.jar:/Users/i519840/.m2/repository/org/glassfish/hk2/hk2-runlevel/2.5.0-b42/hk2-runlevel-2.5.0-b42.jar:/Users/i519840/.m2/repository/org/glassfish/hk2/class-model/2.5.0-b42/class-model-2.5.0-b42.jar:/Users/i519840/.m2/repository/org/glassfish/hk2/external/asm-all-repackaged/2.5.0-b42/asm-all-repackaged-2.5.0-b42.jar:/Users/i519840/.m2/repository/org/glassfish/hk2/spring-bridge/2.5.0-b42/spring-bridge-2.5.0-b42.jar:/Users/i519840/.m2/repository/org/glassfish/jersey/media/jersey-media-json-jackson/2.27/jersey-media-json-jackson-2.27.jar:/Users/i519840/.m2/repository/org/glassfish/jersey/ext/jersey-entity-filtering/2.27/jersey-entity-filtering-2.27.jar:/Users/i519840/.m2/repository/com/fasterxml/jackson/module/jackson-module-jaxb-annotations/2.9.9/jackson-module-jaxb-annotations-2.9.9.jar:/Users/i519840/.m2/repository/org/springframework/spring-webmvc/5.1.2.RELEASE/spring-webmvc-5.1.2.RELEASE.jar:/Users/i519840/.m2/repository/org/springframework/spring-aop/5.1.2.RELEASE/spring-aop-5.1.2.RELEASE.jar:/Users/i519840/.m2/repository/org/springframework/spring-beans/5.1.2.RELEASE/spring-beans-5.1.2.RELEASE.jar:/Users/i519840/.m2/repository/org/springframework/spring-expression/5.1.2.RELEASE/spring-expression-5.1.2.RELEASE.jar:/Users/i519840/.m2/repository/javax/inject/javax.inject/1/javax.inject-1.jar:/Users/i519840/.m2/repository/postgresql/postgresql/9.4.1208-jdbc42-atlassian-hosted/postgresql-9.4.1208-jdbc42-atlassian-hosted.jar:/Users/i519840/.m2/repository/com/h2database/h2/1.4.197/h2-1.4.197.jar:/Users/i519840/.m2/repository/org/liquibase/liquibase-core/3.6.2/liquibase-core-3.6.2.jar:/Users/i519840/.m2/repository/com/sap/cloud/s4hana/cloudplatform/scp-cf/2.19.0/scp-cf-2.19.0.jar:/Users/i519840/.m2/repository/com/sap/cloud/s4hana/cloudplatform/auditlog-scp-cf/2.19.0/auditlog-scp-cf-2.19.0.jar:/Users/i519840/.m2/repository/com/sap/cloud/s4hana/cloudplatform/caching/2.19.0/caching-2.19.0.jar:/Users/i519840/.m2/repository/com/sap/cloud/s4hana/cloudplatform/core-scp-cf/2.19.0/core-scp-cf-2.19.0.jar:/Users/i519840/.m2/repository/com/google/code/gson/gson/2.8.5/gson-2.8.5.jar:/Users/i519840/.m2/repository/com/auth0/java-jwt/3.4.0/java-jwt-3.4.0.jar:/Users/i519840/.m2/repository/commons-codec/commons-codec/1.11/commons-codec-1.11.jar:/Users/i519840/.m2/repository/com/sap/cloud/s4hana/cloudplatform/connectivity-scp-cf/2.19.0/connectivity-scp-cf-2.19.0.jar:/Users/i519840/.m2/repository/com/sap/cloud/s4hana/frameworks/hystrix/2.19.0/hystrix-2.19.0.jar:/Users/i519840/.m2/repository/commons-configuration/commons-configuration/1.10/commons-configuration-1.10.jar:/Users/i519840/.m2/repository/commons-lang/commons-lang/2.6/commons-lang-2.6.jar:/Users/i519840/.m2/repository/commons-io/commons-io/2.6/commons-io-2.6.jar:/Users/i519840/.m2/repository/org/apache/httpcomponents/httpclient/4.5.6/httpclient-4.5.6.jar:/Users/i519840/.m2/repository/com/sap/cloud/s4hana/cloudplatform/security-scp-cf/2.19.0/security-scp-cf-2.19.0.jar:/Users/i519840/.m2/repository/com/sap/cloud/s4hana/cloudplatform/servlet/2.19.0/servlet-2.19.0.jar:/Users/i519840/.m2/repository/com/sap/cloud/s4hana/cloudplatform/tenant-scp-cf/2.19.0/tenant-scp-cf-2.19.0.jar:/Users/i519840/.m2/repository/com/sap/cloud/s4hana/cloudplatform/metering/2.19.0/metering-2.19.0.jar:/Users/i519840/.m2/repository/com/sap/cloud/s4hana/s4hana-all/2.19.0/s4hana-all-2.19.0.jar:/Users/i519840/.m2/repository/com/sap/cloud/s4hana/core/2.19.0/core-2.19.0.jar:/Users/i519840/.m2/repository/com/sap/cloud/s4hana/fluent-result/2.19.0/fluent-result-2.19.0.jar:/Users/i519840/.m2/repository/com/sap/cloud/s4hana/connectivity/2.19.0/connectivity-2.19.0.jar:/Users/i519840/.m2/repository/com/sap/cloud/s4hana/datamodel/2.19.0/datamodel-2.19.0.jar:/Users/i519840/.m2/repository/com/sap/cloud/s4hana/datamodel/bapi-api/2.19.0/bapi-api-2.19.0.jar:/Users/i519840/.m2/repository/com/sap/cloud/s4hana/datamodel/odata-core/2.19.0/odata-core-2.19.0.jar:/Users/i519840/.m2/repository/org/jsoup/jsoup/1.11.3/jsoup-1.11.3.jar:/Users/i519840/.m2/repository/org/apache/commons/commons-text/1.4/commons-text-1.4.jar:/Users/i519840/.m2/repository/com/sap/cloud/s4hana/datamodel/odata-api/2.19.0/odata-api-2.19.0.jar:/Users/i519840/.m2/repository/com/sap/cloud/s4hana/soap/2.19.0/soap-2.19.0.jar:/Users/i519840/.m2/repository/org/apache/axis2/axis2-adb/1.7.9/axis2-adb-1.7.9.jar:/Users/i519840/.m2/repository/org/apache/ws/commons/axiom/axiom-dom/1.2.21/axiom-dom-1.2.21.jar:/Users/i519840/.m2/repository/org/codehaus/woodstox/woodstox-core-asl/4.2.0/woodstox-core-asl-4.2.0.jar:/Users/i519840/.m2/repository/org/codehaus/woodstox/stax2-api/3.1.1/stax2-api-3.1.1.jar:/Users/i519840/.m2/repository/org/apache/axis2/axis2-transport-http/1.7.9/axis2-transport-http-1.7.9.jar:/Users/i519840/.m2/repository/org/apache/axis2/axis2-kernel/1.7.9/axis2-kernel-1.7.9.jar:/Users/i519840/.m2/repository/org/apache/ws/commons/axiom/axiom-api/1.2.21/axiom-api-1.2.21.jar:/Users/i519840/.m2/repository/org/apache/geronimo/specs/geronimo-activation_1.1_spec/1.1/geronimo-activation_1.1_spec-1.1.jar:/Users/i519840/.m2/repository/jaxen/jaxen/1.1.6/jaxen-1.1.6.jar:/Users/i519840/.m2/repository/org/apache/geronimo/specs/geronimo-stax-api_1.0_spec/1.0.1/geronimo-stax-api_1.0_spec-1.0.1.jar:/Users/i519840/.m2/repository/org/apache/james/apache-mime4j-core/0.7.2/apache-mime4j-core-0.7.2.jar:/Users/i519840/.m2/repository/org/apache/ws/commons/axiom/axiom-impl/1.2.21/axiom-impl-1.2.21.jar:/Users/i519840/.m2/repository/org/apache/geronimo/specs/geronimo-ws-metadata_2.0_spec/1.1.2/geronimo-ws-metadata_2.0_spec-1.1.2.jar:/Users/i519840/.m2/repository/org/apache/geronimo/specs/geronimo-jta_1.1_spec/1.1/geronimo-jta_1.1_spec-1.1.jar:/Users/i519840/.m2/repository/commons-fileupload/commons-fileupload/1.3.3/commons-fileupload-1.3.3.jar:/Users/i519840/.m2/repository/wsdl4j/wsdl4j/1.6.3/wsdl4j-1.6.3.jar:/Users/i519840/.m2/repository/org/apache/ws/xmlschema/xmlschema-core/2.2.1/xmlschema-core-2.2.1.jar:/Users/i519840/.m2/repository/org/apache/neethi/neethi/3.0.3/neethi-3.0.3.jar:/Users/i519840/.m2/repository/org/apache/woden/woden-core/1.0M10/woden-core-1.0M10.jar:/Users/i519840/.m2/repository/org/apache/axis2/axis2-transport-local/1.7.9/axis2-transport-local-1.7.9.jar:/Users/i519840/.m2/repository/com/sap/cloud/s4hana/rfc/2.19.0/rfc-2.19.0.jar:/Users/i519840/.m2/repository/com/sap/cloud/s4hana/quality/common/2.19.0/common-2.19.0.jar:/Users/i519840/.m2/repository/org/json/json/20180813/json-20180813.jar:/Users/i519840/.m2/repository/com/sap/cloud/servicesdk/odatav2-connectivity/1.31.1/odatav2-connectivity-1.31.1.jar:/Users/i519840/.m2/repository/org/apache/commons/commons-lang3/3.8.1/commons-lang3-3.8.1.jar:/Users/i519840/.m2/repository/com/sap/cloud/servicesdk/odata-v2-lib/1.31.1/odata-v2-lib-1.31.1.jar:/Users/i519840/.m2/repository/com/sap/cloud/servicesdk/developer_license/1.31.1/developer_license-1.31.1.jar:/Users/i519840/.m2/repository/com/sap/cloud/servicesdk/jacksonutil/1.31.1/jacksonutil-1.31.1.jar:/Users/i519840/.m2/repository/joda-time/joda-time/2.10.1/joda-time-2.10.1.jar:/Users/i519840/.m2/repository/com/sap/cloud/servicesdk/prov/api/1.31.1/api-1.31.1.jar:/Users/i519840/.m2/repository/commons-beanutils/commons-beanutils/1.9.3/commons-beanutils-1.9.3.jar:/Users/i519840/.m2/repository/commons-collections/commons-collections/3.2.2/commons-collections-3.2.2.jar:/Users/i519840/.m2/repository/com/sap/cloud/s4hana/testutil/2.19.0/testutil-2.19.0.jar:/Users/i519840/.m2/repository/com/sap/cloud/s4hana/cloudplatform/auditlog/2.19.0/auditlog-2.19.0.jar:/Users/i519840/.m2/repository/com/fasterxml/jackson/core/jackson-core/2.9.9/jackson-core-2.9.9.jar:/Users/i519840/.m2/repository/com/sap/cloud/s4hana/cloudplatform/core/2.19.0/core-2.19.0.jar:/Users/i519840/.m2/repository/com/sap/cloud/s4hana/cloudplatform/connectivity/2.19.0/connectivity-2.19.0.jar:/Users/i519840/.m2/repository/com/sap/cloud/s4hana/cloudplatform/security/2.19.0/security-2.19.0.jar:/Users/i519840/.m2/repository/com/sap/cloud/s4hana/cloudplatform/tenant/2.19.0/tenant-2.19.0.jar:/Users/i519840/.m2/repository/com/sap/cloud/s4hana/testutil-resources/2.19.0/testutil-resources-2.19.0.jar:/Users/i519840/.m2/repository/com/google/code/findbugs/jsr305/3.0.2/jsr305-3.0.2.jar:/Users/i519840/.m2/repository/com/google/guava/guava/27.0.1-jre/guava-27.0.1-jre.jar:/Users/i519840/.m2/repository/com/google/guava/failureaccess/1.0.1/failureaccess-1.0.1.jar:/Users/i519840/.m2/repository/com/google/guava/listenablefuture/9999.0-empty-to-avoid-conflict-with-guava/listenablefuture-9999.0-empty-to-avoid-conflict-with-guava.jar:/Users/i519840/.m2/repository/org/checkerframework/checker-qual/2.5.2/checker-qual-2.5.2.jar:/Users/i519840/.m2/repository/com/google/errorprone/error_prone_annotations/2.2.0/error_prone_annotations-2.2.0.jar:/Users/i519840/.m2/repository/com/google/j2objc/j2objc-annotations/1.1/j2objc-annotations-1.1.jar:/Users/i519840/.m2/repository/org/codehaus/mojo/animal-sniffer-annotations/1.17/animal-sniffer-annotations-1.17.jar:/Users/i519840/.m2/repository/com/fasterxml/jackson/core/jackson-annotations/2.9.0/jackson-annotations-2.9.0.jar:/Users/i519840/.m2/repository/com/fasterxml/jackson/core/jackson-databind/2.9.9/jackson-databind-2.9.9.jar:/Users/i519840/.m2/repository/com/fasterxml/jackson/dataformat/jackson-dataformat-yaml/2.9.9/jackson-dataformat-yaml-2.9.9.jar:/Users/i519840/.m2/repository/com/mikesamuel/json-sanitizer/1.2.0/json-sanitizer-1.2.0.jar:/Users/i519840/.m2/repository/com/netflix/hystrix/hystrix-core/1.5.18/hystrix-core-1.5.18.jar:/Users/i519840/.m2/repository/com/netflix/archaius/archaius-core/0.7.6/archaius-core-0.7.6.jar:/Users/i519840/.m2/repository/io/reactivex/rxjava/1.3.8/rxjava-1.3.8.jar:/Users/i519840/.m2/repository/org/hdrhistogram/HdrHistogram/2.1.9/HdrHistogram-2.1.9.jar:/Users/i519840/.m2/repository/io/vavr/vavr/0.9.2/vavr-0.9.2.jar:/Users/i519840/.m2/repository/io/vavr/vavr-match/0.9.2/vavr-match-0.9.2.jar:/Users/i519840/.m2/repository/org/assertj/assertj-core/3.12.0/assertj-core-3.12.0.jar:/Users/i519840/.m2/repository/org/mockito/mockito-core/2.22.0/mockito-core-2.22.0.jar:/Users/i519840/.m2/repository/net/bytebuddy/byte-buddy/1.9.5/byte-buddy-1.9.5.jar:/Users/i519840/.m2/repository/net/bytebuddy/byte-buddy-agent/1.9.5/byte-buddy-agent-1.9.5.jar:/Users/i519840/.m2/repository/org/objenesis/objenesis/2.6/objenesis-2.6.jar:/Users/i519840/.m2/repository/com/github/tomakehurst/wiremock/2.19.0/wiremock-2.19.0.jar:/Users/i519840/.m2/repository/org/eclipse/jetty/jetty-server/9.4.17.v20190418/jetty-server-9.4.17.v20190418.jar:/Users/i519840/.m2/repository/javax/servlet/javax.servlet-api/3.1.0/javax.servlet-api-3.1.0.jar:/Users/i519840/.m2/repository/org/eclipse/jetty/jetty-http/9.4.17.v20190418/jetty-http-9.4.17.v20190418.jar:/Users/i519840/.m2/repository/org/eclipse/jetty/jetty-io/9.4.17.v20190418/jetty-io-9.4.17.v20190418.jar:/Users/i519840/.m2/repository/org/eclipse/jetty/jetty-servlet/9.4.17.v20190418/jetty-servlet-9.4.17.v20190418.jar:/Users/i519840/.m2/repository/org/eclipse/jetty/jetty-security/9.4.17.v20190418/jetty-security-9.4.17.v20190418.jar:/Users/i519840/.m2/repository/org/eclipse/jetty/jetty-servlets/9.4.17.v20190418/jetty-servlets-9.4.17.v20190418.jar:/Users/i519840/.m2/repository/org/eclipse/jetty/jetty-continuation/9.4.17.v20190418/jetty-continuation-9.4.17.v20190418.jar:/Users/i519840/.m2/repository/org/eclipse/jetty/jetty-util/9.4.17.v20190418/jetty-util-9.4.17.v20190418.jar:/Users/i519840/.m2/repository/org/eclipse/jetty/jetty-webapp/9.4.17.v20190418/jetty-webapp-9.4.17.v20190418.jar:/Users/i519840/.m2/repository/org/eclipse/jetty/jetty-xml/9.4.17.v20190418/jetty-xml-9.4.17.v20190418.jar:/Users/i519840/.m2/repository/org/xmlunit/xmlunit-core/2.6.2/xmlunit-core-2.6.2.jar:/Users/i519840/.m2/repository/org/xmlunit/xmlunit-legacy/2.6.2/xmlunit-legacy-2.6.2.jar:/Users/i519840/.m2/repository/com/jayway/jsonpath/json-path/2.4.0/json-path-2.4.0.jar:/Users/i519840/.m2/repository/net/minidev/json-smart/2.3/json-smart-2.3.jar:/Users/i519840/.m2/repository/net/minidev/accessors-smart/1.2/accessors-smart-1.2.jar:/Users/i519840/.m2/repository/org/ow2/asm/asm/5.0.4/asm-5.0.4.jar:/Users/i519840/.m2/repository/net/sf/jopt-simple/jopt-simple/5.0.3/jopt-simple-5.0.3.jar:/Users/i519840/.m2/repository/com/flipkart/zjsonpatch/zjsonpatch/0.4.4/zjsonpatch-0.4.4.jar:/Users/i519840/.m2/repository/com/github/jknack/handlebars/4.0.7/handlebars-4.0.7.jar:/Users/i519840/.m2/repository/org/antlr/antlr4-runtime/4.7.1/antlr4-runtime-4.7.1.jar:/Users/i519840/.m2/repository/com/github/jknack/handlebars-helpers/4.0.7/handlebars-helpers-4.0.7.jar:/Users/i519840/.m2/repository/org/apache/httpcomponents/httpcore/4.4.10/httpcore-4.4.10.jar:/Users/i519840/.m2/repository/com/sap/cloud/s4hana/quality/listeners-all/2.19.0/listeners-all-2.19.0.jar:/Users/i519840/.m2/repository/com/sap/cloud/s4hana/quality/odata-querylistener/2.19.0/odata-querylistener-2.19.0.jar:/Users/i519840/.m2/repository/com/sap/cloud/s4hana/quality/rfc-querylistener/2.19.0/rfc-querylistener-2.19.0.jar:/Users/i519840/.m2/repository/com/sap/cloud/s4hana/quality/httpclient-listener/2.19.0/httpclient-listener-2.19.0.jar:/Users/i519840/.m2/repository/org/slf4j/slf4j-api/1.7.25/slf4j-api-1.7.25.jar:/Users/i519840/.m2/repository/org/slf4j/jcl-over-slf4j/1.7.25/jcl-over-slf4j-1.7.25.jar:/Users/i519840/.m2/repository/org/slf4j/slf4j-simple/1.7.25/slf4j-simple-1.7.25.jar:/Users/i519840/.m2/repository/junit/junit/4.12/junit-4.12.jar:/Users/i519840/.m2/repository/org/hamcrest/hamcrest-core/1.3/hamcrest-core-1.3.jar:/Users/i519840/.m2/repository/org/springframework/spring-test/5.1.2.RELEASE/spring-test-5.1.2.RELEASE.jar:/Users/i519840/.m2/repository/org/springframework/spring-core/5.1.2.RELEASE/spring-core-5.1.2.RELEASE.jar:/Users/i519840/.m2/repository/org/springframework/spring-jcl/5.1.2.RELEASE/spring-jcl-5.1.2.RELEASE.jar:/Users/i519840/.m2/repository/org/springframework/boot/spring-boot-test/2.1.1.RELEASE/spring-boot-test-2.1.1.RELEASE.jar:/Users/i519840/.m2/repository/org/springframework/boot/spring-boot/2.1.1.RELEASE/spring-boot-2.1.1.RELEASE.jar:/Users/i519840/.m2/repository/org/springframework/boot/spring-boot-test-autoconfigure/2.1.1.RELEASE/spring-boot-test-autoconfigure-2.1.1.RELEASE.jar:/Users/i519840/.m2/repository/org/springframework/boot/spring-boot-autoconfigure/2.1.1.RELEASE/spring-boot-autoconfigure-2.1.1.RELEASE.jar:"/>
    <property name="sun.cpu.endian" value="little"/>
    <property name="user.home" value="/Users/i519840"/>
    <property name="user.language" value="en"/>
    <property name="java.specification.vendor" value="Oracle Corporation"/>
    <property name="java.version.date" value="2019-07-17"/>
    <property name="java.home" value="/Library/Java/JavaVirtualMachines/sapmachine-jdk-12.0.2.jdk/Contents/Home"/>
    <property name="file.separator" value="/"/>
    <property name="basedir" value="/Users/i519840/Code/jx_related_repos/cloud-s4-sdk-book/unit-tests"/>
    <property name="java.vm.compressedOopsMode" value="Zero based"/>
    <property name="line.separator" value="&#10;"/>
    <property name="java.vm.specification.vendor" value="Oracle Corporation"/>
    <property name="java.specification.name" value="Java Platform API Specification"/>
    <property name="java.awt.graphicsenv" value="sun.awt.CGraphicsEnvironment"/>
    <property name="surefire.real.class.path" value="/Users/i519840/Code/jx_related_repos/cloud-s4-sdk-book/unit-tests/target/surefire/surefirebooter1563711609727195700.jar"/>
    <property name="sun.management.compiler" value="HotSpot 64-Bit Tiered Compilers"/>
    <property name="ftp.nonProxyHosts" value="local|*.local|169.254/16|*.169.254/16"/>
    <property name="java.runtime.version" value="12.0.2+9-sapmachine"/>
    <property name="user.name" value="i519840"/>
    <property name="path.separator" value=":"/>
    <property name="os.version" value="10.15.2"/>
    <property name="java.runtime.name" value="OpenJDK Runtime Environment"/>
    <property name="file.encoding" value="UTF-8"/>
    <property name="java.vm.name" value="OpenJDK 64-Bit Server VM"/>
    <property name="localRepository" value="/Users/i519840/.m2/repository"/>
    <property name="java.vendor.url.bug" value="https://github.com/SAP/SapMachine/issues/new"/>
    <property name="java.io.tmpdir" value="/var/folders/rn/838dk7q56f90l4g5x6rlxtdm0000gn/T/"/>
    <property name="java.version" value="12.0.2"/>
    <property name="user.dir" value="/Users/i519840/Code/jx_related_repos/cloud-s4-sdk-book/unit-tests"/>
    <property name="os.arch" value="x86_64"/>
    <property name="surefire.forkDir" value="/Users/i519840/Code/jx_related_repos/cloud-s4-sdk-book/unit-tests/target/surefire-fork/1/"/>
    <property name="java.vm.specification.name" value="Java Virtual Machine Specification"/>
    <property name="org.slf4j.simpleLogger.defaultLogLevel" value="info"/>
    <property name="java.library.path" value="/Users/i519840/Library/Java/Extensions:/Library/Java/Extensions:/Network/Library/Java/Extensions:/System/Library/Java/Extensions:/usr/lib/java:."/>
    <property name="java.vm.info" value="mixed mode, sharing"/>
    <property name="java.vendor" value="SAP SE"/>
    <property name="java.vm.version" value="12.0.2+9-sapmachine"/>
    <property name="sun.io.unicode.encoding" value="UnicodeBig"/>
    <property name="socksNonProxyHosts" value="local|*.local|169.254/16|*.169.254/16"/>
    <property name="java.class.version" value="56.0"/>
  </properties>
  <testcase name="testGetAll" classname="com.sap.cloud.s4hana.examples.addressmgr.commands.GetAllBusinessPartnersCommandTest" time="1.208"/>
  <testcase name="testWithError" classname="com.sap.cloud.s4hana.examples.addressmgr.commands.GetAllBusinessPartnersCommandTest" time="0.074"/>
</testsuite>